{"/home/alex/Codes/pagespeed.green/cli/src/api/audit.js": {"path":"/home/alex/Codes/pagespeed.green/cli/src/api/audit.js","statementMap":{"0":{"start":{"line":1,"column":13},"end":{"line":1,"column":30}},"1":{"start":{"line":4,"column":4},"end":{"line":4,"column":37}},"2":{"start":{"line":9,"column":24},"end":{"line":9,"column":52}},"3":{"start":{"line":10,"column":2},"end":{"line":24,"column":3}},"4":{"start":{"line":11,"column":21},"end":{"line":16,"column":6}},"5":{"start":{"line":18,"column":4},"end":{"line":20,"column":5}},"6":{"start":{"line":19,"column":6},"end":{"line":19,"column":35}},"7":{"start":{"line":21,"column":4},"end":{"line":21,"column":70}},"8":{"start":{"line":23,"column":4},"end":{"line":23,"column":27}},"9":{"start":{"line":30,"column":24},"end":{"line":30,"column":52}},"10":{"start":{"line":31,"column":2},"end":{"line":44,"column":3}},"11":{"start":{"line":32,"column":21},"end":{"line":36,"column":6}},"12":{"start":{"line":37,"column":4},"end":{"line":39,"column":5}},"13":{"start":{"line":38,"column":6},"end":{"line":38,"column":35}},"14":{"start":{"line":41,"column":4},"end":{"line":41,"column":70}},"15":{"start":{"line":43,"column":4},"end":{"line":43,"column":27}},"16":{"start":{"line":47,"column":0},"end":{"line":50,"column":2}}},"fnMap":{"0":{"name":"runByPage","decl":{"start":{"line":6,"column":15},"end":{"line":6,"column":24}},"loc":{"start":{"line":8,"column":3},"end":{"line":25,"column":1}},"line":8},"1":{"name":"runAllByRegion","decl":{"start":{"line":27,"column":15},"end":{"line":27,"column":29}},"loc":{"start":{"line":29,"column":3},"end":{"line":45,"column":1}},"line":29}},"branchMap":{"0":{"loc":{"start":{"line":18,"column":4},"end":{"line":20,"column":5}},"type":"if","locations":[{"start":{"line":18,"column":4},"end":{"line":20,"column":5}},{"start":{"line":18,"column":4},"end":{"line":20,"column":5}}],"line":18},"1":{"loc":{"start":{"line":18,"column":8},"end":{"line":18,"column":61}},"type":"binary-expr","locations":[{"start":{"line":18,"column":8},"end":{"line":18,"column":16}},{"start":{"line":18,"column":20},"end":{"line":18,"column":33}},{"start":{"line":18,"column":37},"end":{"line":18,"column":61}}],"line":18},"2":{"loc":{"start":{"line":21,"column":16},"end":{"line":21,"column":68}},"type":"binary-expr","locations":[{"start":{"line":21,"column":16},"end":{"line":21,"column":40}},{"start":{"line":21,"column":44},"end":{"line":21,"column":68}}],"line":21},"3":{"loc":{"start":{"line":37,"column":4},"end":{"line":39,"column":5}},"type":"if","locations":[{"start":{"line":37,"column":4},"end":{"line":39,"column":5}},{"start":{"line":37,"column":4},"end":{"line":39,"column":5}}],"line":37},"4":{"loc":{"start":{"line":37,"column":8},"end":{"line":37,"column":61}},"type":"binary-expr","locations":[{"start":{"line":37,"column":8},"end":{"line":37,"column":16}},{"start":{"line":37,"column":20},"end":{"line":37,"column":33}},{"start":{"line":37,"column":37},"end":{"line":37,"column":61}}],"line":37},"5":{"loc":{"start":{"line":41,"column":16},"end":{"line":41,"column":68}},"type":"binary-expr","locations":[{"start":{"line":41,"column":16},"end":{"line":41,"column":40}},{"start":{"line":41,"column":44},"end":{"line":41,"column":68}}],"line":41}},"s":{"0":1,"1":1,"2":6,"3":6,"4":6,"5":5,"6":2,"7":3,"8":4,"9":6,"10":6,"11":6,"12":5,"13":2,"14":3,"15":4,"16":1},"f":{"0":6,"1":6},"b":{"0":[2,3],"1":[5,4,3],"2":[3,1],"3":[2,3],"4":[5,4,3],"5":[3,1]},"_coverageSchema":"1a1c01bbd47fc00a2c39e90264f33305004495a9","hash":"87100d327b6893a1d0d6bd2f9d2599dc21f351c0","contentHash":"54f4843d4b38762e261629c481ae24d2b3fd413fcb7056e5870b0ff70dee75c3"}
,"/home/alex/Codes/pagespeed.green/cli/src/api/init.js": {"path":"/home/alex/Codes/pagespeed.green/cli/src/api/init.js","statementMap":{"0":{"start":{"line":1,"column":14},"end":{"line":1,"column":30}},"1":{"start":{"line":3,"column":17},"end":{"line":3,"column":46}},"2":{"start":{"line":6,"column":2},"end":{"line":8,"column":3}},"3":{"start":{"line":7,"column":4},"end":{"line":7,"column":39}},"4":{"start":{"line":10,"column":18},"end":{"line":10,"column":54}},"5":{"start":{"line":12,"column":2},"end":{"line":17,"column":5}},"6":{"start":{"line":20,"column":0},"end":{"line":22,"column":2}}},"fnMap":{"0":{"name":"getAxiosInstance","decl":{"start":{"line":5,"column":9},"end":{"line":5,"column":25}},"loc":{"start":{"line":5,"column":33},"end":{"line":18,"column":1}},"line":5}},"branchMap":{"0":{"loc":{"start":{"line":6,"column":2},"end":{"line":8,"column":3}},"type":"if","locations":[{"start":{"line":6,"column":2},"end":{"line":8,"column":3}},{"start":{"line":6,"column":2},"end":{"line":8,"column":3}}],"line":6},"1":{"loc":{"start":{"line":6,"column":6},"end":{"line":6,"column":41}},"type":"binary-expr","locations":[{"start":{"line":6,"column":6},"end":{"line":6,"column":12}},{"start":{"line":6,"column":16},"end":{"line":6,"column":41}}],"line":6}},"s":{"0":1,"1":1,"2":5,"3":4,"4":1,"5":1,"6":1},"f":{"0":5},"b":{"0":[4,1],"1":[5,2]},"_coverageSchema":"1a1c01bbd47fc00a2c39e90264f33305004495a9","hash":"927c36d07dc2199b20bd21f707e9704c80acf3eb","contentHash":"9444b5d16c00e9e969e34685047bfa6060a5010073456869f75e77814553a112"}
,"/home/alex/Codes/pagespeed.green/cli/src/const/errorMessages.js": {"path":"/home/alex/Codes/pagespeed.green/cli/src/const/errorMessages.js","statementMap":{"0":{"start":{"line":2,"column":33},"end":{"line":2,"column":92}},"1":{"start":{"line":4,"column":0},"end":{"line":6,"column":2}}},"fnMap":{},"branchMap":{},"s":{"0":1,"1":1},"f":{},"b":{},"_coverageSchema":"1a1c01bbd47fc00a2c39e90264f33305004495a9","hash":"6de05367e0e43a5594a1e005263ab4b102fe638b","contentHash":"589f6f45d7cde36a9b4a45c809f5e5a0b55dd30d56587df1f4787186e58a5f74"}
}
